Analysis & Synthesis report for main
Mon Apr 14 17:37:17 2025
Quartus Prime Version 18.1.0 Build 625 09/12/2018 SJ Lite Edition


---------------------
; Table of Contents ;
---------------------
  1. Legal Notice
  2. Analysis & Synthesis Summary
  3. Analysis & Synthesis Settings
  4. Parallel Compilation
  5. Analysis & Synthesis Source Files Read
  6. Analysis & Synthesis Resource Usage Summary
  7. Analysis & Synthesis Resource Utilization by Entity
  8. State Machine - |main|uart_rx_v2:uart_rx_0|state
  9. State Machine - |main|siggen:siggen_0|state
 10. Registers Removed During Synthesis
 11. General Register Statistics
 12. Multiplexer Restructuring Statistics (Restructuring Performed)
 13. Parameter Settings for User Entity Instance: freqgen:freqgen_0
 14. Parameter Settings for User Entity Instance: uart_rx_v2:uart_rx_0
 15. Port Connectivity Checks: "uart_rx_v2:uart_rx_0"
 16. Port Connectivity Checks: "freqgen:freqgen_0"
 17. Post-Synthesis Netlist Statistics for Top Partition
 18. Elapsed Time Per Partition
 19. Analysis & Synthesis Messages
 20. Analysis & Synthesis Suppressed Messages



----------------
; Legal Notice ;
----------------
Copyright (C) 2018  Intel Corporation. All rights reserved.
Your use of Intel Corporation's design tools, logic functions 
and other software and tools, and its AMPP partner logic 
functions, and any output files from any of the foregoing 
(including device programming or simulation files), and any 
associated documentation or information are expressly subject 
to the terms and conditions of the Intel Program License 
Subscription Agreement, the Intel Quartus Prime License Agreement,
the Intel FPGA IP License Agreement, or other applicable license
agreement, including, without limitation, that your use is for
the sole purpose of programming logic devices manufactured by
Intel and sold by Intel or its authorized distributors.  Please
refer to the applicable agreement for further details.



+-------------------------------------------------------------------------------+
; Analysis & Synthesis Summary                                                  ;
+---------------------------------+---------------------------------------------+
; Analysis & Synthesis Status     ; Successful - Mon Apr 14 17:37:17 2025       ;
; Quartus Prime Version           ; 18.1.0 Build 625 09/12/2018 SJ Lite Edition ;
; Revision Name                   ; main                                        ;
; Top-level Entity Name           ; main                                        ;
; Family                          ; Cyclone V                                   ;
; Logic utilization (in ALMs)     ; N/A                                         ;
; Total registers                 ; 88                                          ;
; Total pins                      ; 17                                          ;
; Total virtual pins              ; 0                                           ;
; Total block memory bits         ; 0                                           ;
; Total DSP Blocks                ; 0                                           ;
; Total HSSI RX PCSs              ; 0                                           ;
; Total HSSI PMA RX Deserializers ; 0                                           ;
; Total HSSI TX PCSs              ; 0                                           ;
; Total HSSI PMA TX Serializers   ; 0                                           ;
; Total PLLs                      ; 0                                           ;
; Total DLLs                      ; 0                                           ;
+---------------------------------+---------------------------------------------+


+---------------------------------------------------------------------------------------------------------------------------+
; Analysis & Synthesis Settings                                                                                             ;
+---------------------------------------------------------------------------------+--------------------+--------------------+
; Option                                                                          ; Setting            ; Default Value      ;
+---------------------------------------------------------------------------------+--------------------+--------------------+
; Device                                                                          ; 5CSEMA4U23C6       ;                    ;
; Top-level entity name                                                           ; main               ; main               ;
; Family name                                                                     ; Cyclone V          ; Cyclone V          ;
; Use smart compilation                                                           ; Off                ; Off                ;
; Enable parallel Assembler and Timing Analyzer during compilation                ; On                 ; On                 ;
; Enable compact report table                                                     ; Off                ; Off                ;
; Restructure Multiplexers                                                        ; Auto               ; Auto               ;
; MLAB Add Timing Constraints For Mixed-Port Feed-Through Mode Setting Don't Care ; Off                ; Off                ;
; Create Debugging Nodes for IP Cores                                             ; Off                ; Off                ;
; Preserve fewer node names                                                       ; On                 ; On                 ;
; Intel FPGA IP Evaluation Mode                                                   ; Enable             ; Enable             ;
; Verilog Version                                                                 ; Verilog_2001       ; Verilog_2001       ;
; VHDL Version                                                                    ; VHDL_1993          ; VHDL_1993          ;
; State Machine Processing                                                        ; Auto               ; Auto               ;
; Safe State Machine                                                              ; Off                ; Off                ;
; Extract Verilog State Machines                                                  ; On                 ; On                 ;
; Extract VHDL State Machines                                                     ; On                 ; On                 ;
; Ignore Verilog initial constructs                                               ; Off                ; Off                ;
; Iteration limit for constant Verilog loops                                      ; 5000               ; 5000               ;
; Iteration limit for non-constant Verilog loops                                  ; 250                ; 250                ;
; Add Pass-Through Logic to Inferred RAMs                                         ; On                 ; On                 ;
; Infer RAMs from Raw Logic                                                       ; On                 ; On                 ;
; Parallel Synthesis                                                              ; On                 ; On                 ;
; DSP Block Balancing                                                             ; Auto               ; Auto               ;
; NOT Gate Push-Back                                                              ; On                 ; On                 ;
; Power-Up Don't Care                                                             ; On                 ; On                 ;
; Remove Redundant Logic Cells                                                    ; Off                ; Off                ;
; Remove Duplicate Registers                                                      ; On                 ; On                 ;
; Ignore CARRY Buffers                                                            ; Off                ; Off                ;
; Ignore CASCADE Buffers                                                          ; Off                ; Off                ;
; Ignore GLOBAL Buffers                                                           ; Off                ; Off                ;
; Ignore ROW GLOBAL Buffers                                                       ; Off                ; Off                ;
; Ignore LCELL Buffers                                                            ; Off                ; Off                ;
; Ignore SOFT Buffers                                                             ; On                 ; On                 ;
; Limit AHDL Integers to 32 Bits                                                  ; Off                ; Off                ;
; Optimization Technique                                                          ; Balanced           ; Balanced           ;
; Carry Chain Length                                                              ; 70                 ; 70                 ;
; Auto Carry Chains                                                               ; On                 ; On                 ;
; Auto Open-Drain Pins                                                            ; On                 ; On                 ;
; Perform WYSIWYG Primitive Resynthesis                                           ; Off                ; Off                ;
; Auto ROM Replacement                                                            ; On                 ; On                 ;
; Auto RAM Replacement                                                            ; On                 ; On                 ;
; Auto DSP Block Replacement                                                      ; On                 ; On                 ;
; Auto Shift Register Replacement                                                 ; Auto               ; Auto               ;
; Allow Shift Register Merging across Hierarchies                                 ; Auto               ; Auto               ;
; Auto Clock Enable Replacement                                                   ; On                 ; On                 ;
; Strict RAM Replacement                                                          ; Off                ; Off                ;
; Allow Synchronous Control Signals                                               ; On                 ; On                 ;
; Force Use of Synchronous Clear Signals                                          ; Off                ; Off                ;
; Auto Resource Sharing                                                           ; Off                ; Off                ;
; Allow Any RAM Size For Recognition                                              ; Off                ; Off                ;
; Allow Any ROM Size For Recognition                                              ; Off                ; Off                ;
; Allow Any Shift Register Size For Recognition                                   ; Off                ; Off                ;
; Use LogicLock Constraints during Resource Balancing                             ; On                 ; On                 ;
; Ignore translate_off and synthesis_off directives                               ; Off                ; Off                ;
; Timing-Driven Synthesis                                                         ; On                 ; On                 ;
; Report Parameter Settings                                                       ; On                 ; On                 ;
; Report Source Assignments                                                       ; On                 ; On                 ;
; Report Connectivity Checks                                                      ; On                 ; On                 ;
; Ignore Maximum Fan-Out Assignments                                              ; Off                ; Off                ;
; Synchronization Register Chain Length                                           ; 3                  ; 3                  ;
; Power Optimization During Synthesis                                             ; Normal compilation ; Normal compilation ;
; HDL message level                                                               ; Level2             ; Level2             ;
; Suppress Register Optimization Related Messages                                 ; Off                ; Off                ;
; Number of Removed Registers Reported in Synthesis Report                        ; 5000               ; 5000               ;
; Number of Swept Nodes Reported in Synthesis Report                              ; 5000               ; 5000               ;
; Number of Inverted Registers Reported in Synthesis Report                       ; 100                ; 100                ;
; Clock MUX Protection                                                            ; On                 ; On                 ;
; Auto Gated Clock Conversion                                                     ; Off                ; Off                ;
; Block Design Naming                                                             ; Auto               ; Auto               ;
; SDC constraint protection                                                       ; Off                ; Off                ;
; Synthesis Effort                                                                ; Auto               ; Auto               ;
; Shift Register Replacement - Allow Asynchronous Clear Signal                    ; On                 ; On                 ;
; Pre-Mapping Resynthesis Optimization                                            ; Off                ; Off                ;
; Analysis & Synthesis Message Level                                              ; Medium             ; Medium             ;
; Disable Register Merging Across Hierarchies                                     ; Auto               ; Auto               ;
; Resource Aware Inference For Block RAM                                          ; On                 ; On                 ;
; Automatic Parallel Synthesis                                                    ; On                 ; On                 ;
; Partial Reconfiguration Bitstream ID                                            ; Off                ; Off                ;
+---------------------------------------------------------------------------------+--------------------+--------------------+


+------------------------------------------+
; Parallel Compilation                     ;
+----------------------------+-------------+
; Processors                 ; Number      ;
+----------------------------+-------------+
; Number detected on machine ; 8           ;
; Maximum allowed            ; 4           ;
;                            ;             ;
; Average used               ; 1.00        ;
; Maximum used               ; 4           ;
;                            ;             ;
; Usage by Processor         ; % Time Used ;
;     Processor 1            ; 100.0%      ;
;     Processors 2-4         ;   0.0%      ;
+----------------------------+-------------+


+---------------------------------------------------------------------------------------------------------------------------------------------------------------------------------------------------+
; Analysis & Synthesis Source Files Read                                                                                                                                                            ;
+----------------------------------+-----------------+------------------------------+-----------------------------------------------------------------------------------------------------+---------+
; File Name with User-Entered Path ; Used in Netlist ; File Type                    ; File Name with Absolute Path                                                                        ; Library ;
+----------------------------------+-----------------+------------------------------+-----------------------------------------------------------------------------------------------------+---------+
; uart_rx_v2.sv                    ; yes             ; User SystemVerilog HDL File  ; C:/Users/Taewoo Kim/Desktop/testclnoe/Optical-Satellite-Communication-Simulation/Main/uart_rx_v2.sv ;         ;
; SigGen.sv                        ; yes             ; User SystemVerilog HDL File  ; C:/Users/Taewoo Kim/Desktop/testclnoe/Optical-Satellite-Communication-Simulation/Main/SigGen.sv     ;         ;
; main.sv                          ; yes             ; User SystemVerilog HDL File  ; C:/Users/Taewoo Kim/Desktop/testclnoe/Optical-Satellite-Communication-Simulation/Main/main.sv       ;         ;
; freqgen.sv                       ; yes             ; User SystemVerilog HDL File  ; C:/Users/Taewoo Kim/Desktop/testclnoe/Optical-Satellite-Communication-Simulation/Main/freqgen.sv    ;         ;
; decode7.sv                       ; yes             ; User SystemVerilog HDL File  ; C:/Users/Taewoo Kim/Desktop/testclnoe/Optical-Satellite-Communication-Simulation/Main/decode7.sv    ;         ;
; decode2.sv                       ; yes             ; User SystemVerilog HDL File  ; C:/Users/Taewoo Kim/Desktop/testclnoe/Optical-Satellite-Communication-Simulation/Main/decode2.sv    ;         ;
+----------------------------------+-----------------+------------------------------+-----------------------------------------------------------------------------------------------------+---------+


+--------------------------------------------------------------+
; Analysis & Synthesis Resource Usage Summary                  ;
+---------------------------------------------+----------------+
; Resource                                    ; Usage          ;
+---------------------------------------------+----------------+
; Estimate of Logic utilization (ALMs needed) ; 65             ;
;                                             ;                ;
; Combinational ALUT usage for logic          ; 107            ;
;     -- 7 input functions                    ; 2              ;
;     -- 6 input functions                    ; 19             ;
;     -- 5 input functions                    ; 12             ;
;     -- 4 input functions                    ; 9              ;
;     -- <=3 input functions                  ; 65             ;
;                                             ;                ;
; Dedicated logic registers                   ; 88             ;
;                                             ;                ;
; I/O pins                                    ; 17             ;
;                                             ;                ;
; Total DSP Blocks                            ; 0              ;
;                                             ;                ;
; Maximum fan-out node                        ; CLOCK_50~input ;
; Maximum fan-out                             ; 81             ;
; Total fan-out                               ; 664            ;
; Average fan-out                             ; 2.90           ;
+---------------------------------------------+----------------+


+-----------------------------------------------------------------------------------------------------------------------------------------------------------------------------------------------+
; Analysis & Synthesis Resource Utilization by Entity                                                                                                                                           ;
+----------------------------+---------------------+---------------------------+-------------------+------------+------+--------------+----------------------------+-------------+--------------+
; Compilation Hierarchy Node ; Combinational ALUTs ; Dedicated Logic Registers ; Block Memory Bits ; DSP Blocks ; Pins ; Virtual Pins ; Full Hierarchy Name        ; Entity Name ; Library Name ;
+----------------------------+---------------------+---------------------------+-------------------+------------+------+--------------+----------------------------+-------------+--------------+
; |main                      ; 107 (18)            ; 88 (16)                   ; 0                 ; 0          ; 17   ; 0            ; |main                      ; main        ; work         ;
;    |decode2:decode2_0|     ; 3 (3)               ; 0 (0)                     ; 0                 ; 0          ; 0    ; 0            ; |main|decode2:decode2_0    ; decode2     ; work         ;
;    |freqgen:freqgen_0|     ; 31 (31)             ; 25 (25)                   ; 0                 ; 0          ; 0    ; 0            ; |main|freqgen:freqgen_0    ; freqgen     ; work         ;
;    |siggen:siggen_0|       ; 10 (10)             ; 7 (7)                     ; 0                 ; 0          ; 0    ; 0            ; |main|siggen:siggen_0      ; siggen      ; work         ;
;    |uart_rx_v2:uart_rx_0|  ; 45 (45)             ; 40 (40)                   ; 0                 ; 0          ; 0    ; 0            ; |main|uart_rx_v2:uart_rx_0 ; uart_rx_v2  ; work         ;
+----------------------------+---------------------+---------------------------+-------------------+------------+------+--------------+----------------------------+-------------+--------------+
Note: For table entries with two numbers listed, the numbers in parentheses indicate the number of resources of the given type used by the specific entity alone. The numbers listed outside of parentheses indicate the total resources of the given type used by the specific entity and all of its sub-entities in the hierarchy.


Encoding Type:  One-Hot
+-------------------------------------------------------------------------------+
; State Machine - |main|uart_rx_v2:uart_rx_0|state                              ;
+-------------+------------+------------+-------------+------------+------------+
; Name        ; state.STOP ; state.DATA ; state.START ; state.IDLE ; state.DONE ;
+-------------+------------+------------+-------------+------------+------------+
; state.IDLE  ; 0          ; 0          ; 0           ; 0          ; 0          ;
; state.START ; 0          ; 0          ; 1           ; 1          ; 0          ;
; state.DATA  ; 0          ; 1          ; 0           ; 1          ; 0          ;
; state.STOP  ; 1          ; 0          ; 0           ; 1          ; 0          ;
; state.DONE  ; 0          ; 0          ; 0           ; 1          ; 1          ;
+-------------+------------+------------+-------------+------------+------------+


Encoding Type:  One-Hot
+------------------------------------------------------------------+
; State Machine - |main|siggen:siggen_0|state                      ;
+-------------+------------+------------+-------------+------------+
; Name        ; state.STOP ; state.DATA ; state.START ; state.IDLE ;
+-------------+------------+------------+-------------+------------+
; state.IDLE  ; 0          ; 0          ; 0           ; 0          ;
; state.START ; 0          ; 0          ; 1           ; 1          ;
; state.DATA  ; 0          ; 1          ; 0           ; 1          ;
; state.STOP  ; 1          ; 0          ; 0           ; 1          ;
+-------------+------------+------------+-------------+------------+


+---------------------------------------------------------------------------------+
; Registers Removed During Synthesis                                              ;
+----------------------------------------+----------------------------------------+
; Register name                          ; Reason for Removal                     ;
+----------------------------------------+----------------------------------------+
; freqgen:freqgen_0|increment[0,15..31]  ; Stuck at GND due to stuck port data_in ;
; freqgen:freqgen_0|increment[14]        ; Stuck at VCC due to stuck port data_in ;
; freqgen:freqgen_0|increment[12,13]     ; Stuck at GND due to stuck port data_in ;
; freqgen:freqgen_0|increment[11]        ; Stuck at VCC due to stuck port data_in ;
; freqgen:freqgen_0|increment[10]        ; Stuck at GND due to stuck port data_in ;
; freqgen:freqgen_0|increment[8,9]       ; Stuck at VCC due to stuck port data_in ;
; freqgen:freqgen_0|increment[1..7]      ; Stuck at GND due to stuck port data_in ;
; freqgen:freqgen_0|count[0..6]          ; Merged with freqgen:freqgen_0|count[7] ;
; freqgen:freqgen_0|count[7]             ; Stuck at GND due to stuck port data_in ;
; uart_rx_v2:uart_rx_0|state~9           ; Lost fanout                            ;
; uart_rx_v2:uart_rx_0|state~10          ; Lost fanout                            ;
; siggen:siggen_0|state~4                ; Lost fanout                            ;
; siggen:siggen_0|state~5                ; Lost fanout                            ;
; Total Number of Removed Registers = 44 ;                                        ;
+----------------------------------------+----------------------------------------+


+------------------------------------------------------+
; General Register Statistics                          ;
+----------------------------------------------+-------+
; Statistic                                    ; Value ;
+----------------------------------------------+-------+
; Total registers                              ; 88    ;
; Number of registers using Synchronous Clear  ; 37    ;
; Number of registers using Synchronous Load   ; 0     ;
; Number of registers using Asynchronous Clear ; 61    ;
; Number of registers using Asynchronous Load  ; 0     ;
; Number of registers using Clock Enable       ; 8     ;
; Number of registers using Preset             ; 0     ;
+----------------------------------------------+-------+


+-----------------------------------------------------------------------------------------------------------------------------------------------------+
; Multiplexer Restructuring Statistics (Restructuring Performed)                                                                                      ;
+--------------------+-----------+---------------+----------------------+------------------------+------------+---------------------------------------+
; Multiplexer Inputs ; Bus Width ; Baseline Area ; Area if Restructured ; Saving if Restructured ; Registered ; Example Multiplexer Output            ;
+--------------------+-----------+---------------+----------------------+------------------------+------------+---------------------------------------+
; 3:1                ; 13 bits   ; 26 LEs        ; 0 LEs                ; 26 LEs                 ; Yes        ; |main|uart_rx_v2:uart_rx_0|clk_cnt[2] ;
; 4:1                ; 3 bits    ; 6 LEs         ; 6 LEs                ; 0 LEs                  ; Yes        ; |main|siggen:siggen_0|index[1]        ;
; 7:1                ; 3 bits    ; 12 LEs        ; 6 LEs                ; 6 LEs                  ; Yes        ; |main|uart_rx_v2:uart_rx_0|bit_idx[1] ;
; 9:1                ; 5 bits    ; 30 LEs        ; 20 LEs               ; 10 LEs                 ; No         ; |main|uart_rx_v2:uart_rx_0|Selector6  ;
+--------------------+-----------+---------------+----------------------+------------------------+------------+---------------------------------------+


+----------------------------------------------------------------+
; Parameter Settings for User Entity Instance: freqgen:freqgen_0 ;
+----------------+----------+------------------------------------+
; Parameter Name ; Value    ; Type                               ;
+----------------+----------+------------------------------------+
; FCLK           ; 50000000 ; Signed Integer                     ;
+----------------+----------+------------------------------------+
Note: In order to hide this table in the UI and the text report file, please set the "Show Parameter Settings in Synthesis Report" option in "Analysis and Synthesis Settings -> More Settings" to "Off".


+-------------------------------------------------------------------+
; Parameter Settings for User Entity Instance: uart_rx_v2:uart_rx_0 ;
+----------------+----------+---------------------------------------+
; Parameter Name ; Value    ; Type                                  ;
+----------------+----------+---------------------------------------+
; CLK_FREQ       ; 50000000 ; Signed Integer                        ;
; BAUD_RATE      ; 9600     ; Signed Integer                        ;
+----------------+----------+---------------------------------------+
Note: In order to hide this table in the UI and the text report file, please set the "Show Parameter Settings in Synthesis Report" option in "Analysis and Synthesis Settings -> More Settings" to "Off".


+----------------------------------------------------------------------------------------------------------------------+
; Port Connectivity Checks: "uart_rx_v2:uart_rx_0"                                                                     ;
+------------+--------+----------+-------------------------------------------------------------------------------------+
; Port       ; Type   ; Severity ; Details                                                                             ;
+------------+--------+----------+-------------------------------------------------------------------------------------+
; data_ready ; Output ; Info     ; Connected to dangling logic. Logic that only feeds a dangling port will be removed. ;
+------------+--------+----------+-------------------------------------------------------------------------------------+


+------------------------------------------------+
; Port Connectivity Checks: "freqgen:freqgen_0"  ;
+--------------+-------+----------+--------------+
; Port         ; Type  ; Severity ; Details      ;
+--------------+-------+----------+--------------+
; freq[8..7]   ; Input ; Info     ; Stuck at VCC ;
; freq[31..14] ; Input ; Info     ; Stuck at GND ;
; freq[12..11] ; Input ; Info     ; Stuck at GND ;
; freq[6..0]   ; Input ; Info     ; Stuck at GND ;
; freq[13]     ; Input ; Info     ; Stuck at VCC ;
; freq[10]     ; Input ; Info     ; Stuck at VCC ;
; freq[9]      ; Input ; Info     ; Stuck at GND ;
+--------------+-------+----------+--------------+


+-----------------------------------------------------+
; Post-Synthesis Netlist Statistics for Top Partition ;
+-----------------------+-----------------------------+
; Type                  ; Count                       ;
+-----------------------+-----------------------------+
; arriav_ff             ; 88                          ;
;     CLR               ; 24                          ;
;     CLR SCLR          ; 37                          ;
;     ENA               ; 8                           ;
;     plain             ; 19                          ;
; arriav_lcell_comb     ; 114                         ;
;     arith             ; 52                          ;
;         1 data inputs ; 51                          ;
;         2 data inputs ; 1                           ;
;     extend            ; 2                           ;
;         7 data inputs ; 2                           ;
;     normal            ; 60                          ;
;         0 data inputs ; 2                           ;
;         1 data inputs ; 6                           ;
;         2 data inputs ; 7                           ;
;         3 data inputs ; 5                           ;
;         4 data inputs ; 9                           ;
;         5 data inputs ; 12                          ;
;         6 data inputs ; 19                          ;
; boundary_port         ; 17                          ;
;                       ;                             ;
; Max LUT depth         ; 4.00                        ;
; Average LUT depth     ; 2.33                        ;
+-----------------------+-----------------------------+


+-------------------------------+
; Elapsed Time Per Partition    ;
+----------------+--------------+
; Partition Name ; Elapsed Time ;
+----------------+--------------+
; Top            ; 00:00:00     ;
+----------------+--------------+


+-------------------------------+
; Analysis & Synthesis Messages ;
+-------------------------------+
Info: *******************************************************************
Info: Running Quartus Prime Analysis & Synthesis
    Info: Version 18.1.0 Build 625 09/12/2018 SJ Lite Edition
    Info: Processing started: Mon Apr 14 17:37:07 2025
Info: Command: quartus_map --read_settings_files=on --write_settings_files=off main -c main
Warning (18236): Number of processors has not been specified which may cause overloading on shared machines.  Set the global assignment NUM_PARALLEL_PROCESSORS in your QSF to an appropriate value for best performance.
Info (20030): Parallel compilation is enabled and will use 4 of the 4 processors detected
Info (12021): Found 1 design units, including 1 entities, in source file uart_rx_v2.sv
    Info (12023): Found entity 1: uart_rx_v2 File: C:/Users/Taewoo Kim/Desktop/testclnoe/Optical-Satellite-Communication-Simulation/Main/uart_rx_v2.sv Line: 1
Info (12021): Found 1 design units, including 1 entities, in source file uart_rx_test_tb.sv
    Info (12023): Found entity 1: tb_uart_rx File: C:/Users/Taewoo Kim/Desktop/testclnoe/Optical-Satellite-Communication-Simulation/Main/uart_rx_test_tb.sv Line: 1
Info (12021): Found 1 design units, including 1 entities, in source file uart_rx_standardize.sv
    Info (12023): Found entity 1: uart_rx_standardize File: C:/Users/Taewoo Kim/Desktop/testclnoe/Optical-Satellite-Communication-Simulation/Main/uart_rx_standardize.sv Line: 9
Info (12021): Found 1 design units, including 1 entities, in source file uart_rx.sv
    Info (12023): Found entity 1: uart_rx File: C:/Users/Taewoo Kim/Desktop/testclnoe/Optical-Satellite-Communication-Simulation/Main/uart_rx.sv Line: 9
Info (12021): Found 1 design units, including 1 entities, in source file siggen.sv
    Info (12023): Found entity 1: siggen File: C:/Users/Taewoo Kim/Desktop/testclnoe/Optical-Satellite-Communication-Simulation/Main/SigGen.sv Line: 8
Info (12021): Found 1 design units, including 1 entities, in source file main.sv
    Info (12023): Found entity 1: main File: C:/Users/Taewoo Kim/Desktop/testclnoe/Optical-Satellite-Communication-Simulation/Main/main.sv Line: 7
Info (12021): Found 1 design units, including 1 entities, in source file freqgen.sv
    Info (12023): Found entity 1: freqgen File: C:/Users/Taewoo Kim/Desktop/testclnoe/Optical-Satellite-Communication-Simulation/Main/freqgen.sv Line: 4
Info (12021): Found 1 design units, including 1 entities, in source file decode7.sv
    Info (12023): Found entity 1: decode7 File: C:/Users/Taewoo Kim/Desktop/testclnoe/Optical-Satellite-Communication-Simulation/Main/decode7.sv Line: 4
Info (12021): Found 1 design units, including 1 entities, in source file decode2.sv
    Info (12023): Found entity 1: decode2 File: C:/Users/Taewoo Kim/Desktop/testclnoe/Optical-Satellite-Communication-Simulation/Main/decode2.sv Line: 4
Info (12021): Found 1 design units, including 1 entities, in source file de0_nano_soc_baseline.v
    Info (12023): Found entity 1: de0_nano_soc_baseline File: C:/Users/Taewoo Kim/Desktop/testclnoe/Optical-Satellite-Communication-Simulation/Main/de0_nano_soc_baseline.v Line: 40
Info (12127): Elaborating entity "main" for the top level hierarchy
Warning (10858): Verilog HDL warning at main.sv(24): object pattern used but never assigned File: C:/Users/Taewoo Kim/Desktop/testclnoe/Optical-Satellite-Communication-Simulation/Main/main.sv Line: 24
Warning (10030): Net "pattern" at main.sv(24) has no driver or initial value, using a default initial value '0' File: C:/Users/Taewoo Kim/Desktop/testclnoe/Optical-Satellite-Communication-Simulation/Main/main.sv Line: 24
Info (12128): Elaborating entity "decode2" for hierarchy "decode2:decode2_0" File: C:/Users/Taewoo Kim/Desktop/testclnoe/Optical-Satellite-Communication-Simulation/Main/main.sv Line: 38
Info (12128): Elaborating entity "decode7" for hierarchy "decode7:decode7_0" File: C:/Users/Taewoo Kim/Desktop/testclnoe/Optical-Satellite-Communication-Simulation/Main/main.sv Line: 39
Info (12128): Elaborating entity "freqgen" for hierarchy "freqgen:freqgen_0" File: C:/Users/Taewoo Kim/Desktop/testclnoe/Optical-Satellite-Communication-Simulation/Main/main.sv Line: 41
Info (12128): Elaborating entity "siggen" for hierarchy "siggen:siggen_0" File: C:/Users/Taewoo Kim/Desktop/testclnoe/Optical-Satellite-Communication-Simulation/Main/main.sv Line: 42
Info (12128): Elaborating entity "uart_rx_v2" for hierarchy "uart_rx_v2:uart_rx_0" File: C:/Users/Taewoo Kim/Desktop/testclnoe/Optical-Satellite-Communication-Simulation/Main/main.sv Line: 43
Warning (10230): Verilog HDL assignment warning at uart_rx_v2.sv(41): truncated value with size 32 to match size of target (13) File: C:/Users/Taewoo Kim/Desktop/testclnoe/Optical-Satellite-Communication-Simulation/Main/uart_rx_v2.sv Line: 41
Warning (10230): Verilog HDL assignment warning at uart_rx_v2.sv(81): truncated value with size 32 to match size of target (3) File: C:/Users/Taewoo Kim/Desktop/testclnoe/Optical-Satellite-Communication-Simulation/Main/uart_rx_v2.sv Line: 81
Warning (13024): Output pins are stuck at VCC or GND
    Warning (13410): Pin "leds[1]" is stuck at VCC File: C:/Users/Taewoo Kim/Desktop/testclnoe/Optical-Satellite-Communication-Simulation/Main/main.sv Line: 8
    Warning (13410): Pin "leds[2]" is stuck at VCC File: C:/Users/Taewoo Kim/Desktop/testclnoe/Optical-Satellite-Communication-Simulation/Main/main.sv Line: 8
    Warning (13410): Pin "leds[6]" is stuck at GND File: C:/Users/Taewoo Kim/Desktop/testclnoe/Optical-Satellite-Communication-Simulation/Main/main.sv Line: 8
    Warning (13410): Pin "leds[7]" is stuck at GND File: C:/Users/Taewoo Kim/Desktop/testclnoe/Optical-Satellite-Communication-Simulation/Main/main.sv Line: 8
Info (286030): Timing-Driven Synthesis is running
Info (17049): 4 registers lost all their fanouts during netlist optimizations.
Info (144001): Generated suppressed messages file C:/Users/Taewoo Kim/Desktop/testclnoe/Optical-Satellite-Communication-Simulation/Main/output_files/main.map.smsg
Info (16010): Generating hard_block partition "hard_block:auto_generated_inst"
    Info (16011): Adding 0 node(s), including 0 DDIO, 0 PLL, 0 transceiver and 0 LCELL
Warning (21074): Design contains 1 input pin(s) that do not drive logic
    Warning (15610): No output dependent on input pin "s2" File: C:/Users/Taewoo Kim/Desktop/testclnoe/Optical-Satellite-Communication-Simulation/Main/main.sv Line: 13
Info (21057): Implemented 136 device resources after synthesis - the final resource count might be different
    Info (21058): Implemented 4 input pins
    Info (21059): Implemented 13 output pins
    Info (21061): Implemented 119 logic cells
Info: Quartus Prime Analysis & Synthesis was successful. 0 errors, 12 warnings
    Info: Peak virtual memory: 4831 megabytes
    Info: Processing ended: Mon Apr 14 17:37:17 2025
    Info: Elapsed time: 00:00:10
    Info: Total CPU time (on all processors): 00:00:19


+------------------------------------------+
; Analysis & Synthesis Suppressed Messages ;
+------------------------------------------+
The suppressed messages can be found in C:/Users/Taewoo Kim/Desktop/testclnoe/Optical-Satellite-Communication-Simulation/Main/output_files/main.map.smsg.


